LOL：住口！队友教无月怎么玩泽拉斯？团战前直接狙死AD要你教.mp4
Shut up! Teammates teach moonless how to play zelas? Before the group war, he killed AD directly and asked you to teach. .
LOL：住口！队友教无月怎么玩泽拉斯？团战前直接狙死AD要你教. Shut up! Teammates teach moonless how to play zelas? Before the group war, he killed AD directly and asked you to teach. .
545
LOL：你没了！同一个位置同一个死法，一家人最重要的就是整齐.mp4
You're gone! Same place, same way. The most important thing in the family is tidiness. .
LOL：你没了！同一个位置同一个死法，一家人最重要的就是整齐. You're gone! Same place, same way. The most important thing in the family is tidiness. .
606
LOL：别问，问就是脚本。泽拉斯透视草丛妮蔻，你以为你安全了？.mp4
LOL: Don't ask. It's a script. Zelasi, Caocongni, you think you're safe? ..
LOL：别问，问就是脚本。泽拉斯透视草丛妮蔻，你以为你安全了？. LOL: Don't ask. It's a script. Zelasi, Caocongni, you think you're safe? ..
607
LOL：“声控外挂”泽拉斯说谁死谁就死，无月教你怎么声控对面.mp4
LOL: "Voice Control Plugin" Zelasi said that whoever dies will die, and there is no moon to teach you how to voice control the opposite.
LOL：“声控外挂”泽拉斯说谁死谁就死，无月教你怎么声控对面. LOL: "Voice Control Plugin" Zelasi said that whoever dies will die, and there is no moon to teach you how to voice control the opposite.
546
LOL：夭寿了！三炮虐泉了！这熟悉的位置，熟悉的发际线.mp4
Oh, my God! Three shots of abuse! This familiar position, familiar hairline.
LOL：夭寿了！三炮虐泉了！这熟悉的位置，熟悉的发际线. Oh, my God! Three shots of abuse! This familiar position, familiar hairline.
484
LOL：对线斗鱼主播大眼睛？15-2泽拉斯把对面打得出女妖金身.mp4
LOL: Big eyes on the anchor fish? 15-2 Zeras hits the opposite side of the female demon gold body.
LOL：对线斗鱼主播大眼睛？15-2泽拉斯把对面打得出女妖金身. LOL: Big eyes on the anchor fish? 15-2 Zeras hits the opposite side of the female demon gold body.
428
LOL：对面德莱文10分钟上高地，还嘲讽无月，泽拉斯30杀安排明白.mp4
LOL: opposite Delaiwen 10 minutes up the high ground, but also ridiculed no moon, Zeras 30 kill arrangements understand.
LOL：对面德莱文10分钟上高地，还嘲讽无月，泽拉斯30杀安排明白. LOL: opposite Delaiwen 10 minutes up the high ground, but also ridiculed no moon, Zeras 30 kill arrangements understand.
244
LOL：对面怎么都死了啊？我怎么莫名其妙五杀了？.mp4
LOL: Why are they all dead across the street? Why did I kill him for no reason? ..
LOL：对面怎么都死了啊？我怎么莫名其妙五杀了？. LOL: Why are they all dead across the street? Why did I kill him for no reason? ..
544
LOL：“我擦？无月？”无月被对面发现真实身份，事后送出飞机.mp4
LOL: "I wipe? No moon? "No month was discovered by the opposite side of the real identity, sent out of the aircraft.
LOL：“我擦？无月？”无月被对面发现真实身份，事后送出飞机. LOL: "I wipe? No moon? "No month was discovered by the opposite side of the real identity, sent out of the aircraft.
307
LOL：我要这队友有何用？四个人组团推家，泽拉斯一人杀三个.mp4
LOL: What do I need this teammate for? Four people in a group, Zeras killed three.
LOL：我要这队友有何用？四个人组团推家，泽拉斯一人杀三个. LOL: What do I need this teammate for? Four people in a group, Zeras killed three.
427
LOL：打野掉线15分钟，但是泽拉斯已经完美控制局面.mp4
LOL: Hit field dropped for 15 minutes, but Zelasi has perfect control of the situation.
LOL：打野掉线15分钟，但是泽拉斯已经完美控制局面. LOL: Hit field dropped for 15 minutes, but Zelasi has perfect control of the situation.
427
LOL：把对面全杀光就能保护AD了，辅助泽拉斯全场输出最高.mp4
LOL: Kill the opposite side to protect the AD, assisting Zeras to output the highest.
LOL：把对面全杀光就能保护AD了，辅助泽拉斯全场输出最高. LOL: Kill the opposite side to protect the AD, assisting Zeras to output the highest.
428
LOL：抢大龙还三杀，大恶人泽拉斯一个Q杀光辉.mp4
LOL: Grab the dragon and kill three, the big villain Zelasi a Q kill glow.
LOL：抢大龙还三杀，大恶人泽拉斯一个Q杀光辉. LOL: Grab the dragon and kill three, the big villain Zelasi a Q kill glow.
425
LOL：无月泽拉斯开局被打成0-4？观众：赢了送超火！最后17-4翻盘.mp4
LOL: No Moon Zelasi was scored 0-4 at the start? Audience: Win and send Super fire! Last 17-4 flip.
LOL：无月泽拉斯开局被打成0-4？观众：赢了送超火！最后17-4翻盘. LOL: No Moon Zelasi was scored 0-4 at the start? Audience: Win and send Super fire! Last 17-4 flip.
309
LOL：无月被认出来了还被说是小老弟？2-12的男枪还嘲讽无月.mp4
LOL: No Moon recognized and said little brother? The 2-12's men's gun still taunts the moonless..
LOL：无月被认出来了还被说是小老弟？2-12的男枪还嘲讽无月. LOL: No Moon recognized and said little brother? The 2-12's men's gun still taunts the moonless..
605
LOL：明明R空了，无月还被说脚本？太冤枉人了吧.mp4
LOL: Even if R is empty, is the script written? That's so unfair. .
LOL：明明R空了，无月还被说脚本？太冤枉人了吧. LOL: Even if R is empty, is the script written? That's so unfair. .
368
LOL：月门弄泽？敢抢我的泽拉斯？我狠起来连我自己都杀.mp4
LOL: Moon Gate Naoze? You want my zelas? I 'll kill myself..
LOL：月门弄泽？敢抢我的泽拉斯？我狠起来连我自己都杀. LOL: Moon Gate Naoze? You want my zelas? I 'll kill myself..
246
LOL：杀盲僧两次就被说脚本？别抓泽拉斯，抓就中野两开花.mp4
LOL: Kill the blind monk twice to be said script? Don't grab zelas, grab the middle of the field.
LOL：杀盲僧两次就被说脚本？别抓泽拉斯，抓就中野两开花. LOL: Kill the blind monk twice to be said script? Don't grab zelas, grab the middle of the field.
605
LOL：泉水指挥官刀妹，送人头怪队友，无月18-6盘活游戏.mp4
LOL: Spring Commander Knife Girl, send a strange teammate, no month 18-6 game.
LOL：泉水指挥官刀妹，送人头怪队友，无月18-6盘活游戏. LOL: Spring Commander Knife Girl, send a strange teammate, no month 18-6 game.
547
LOL：泽拉斯不会打卡特？多看多学，全是细节.mp4
Xeras won't Daqiate? Read more and learn more, all are details.
LOL：泽拉斯不会打卡特？多看多学，全是细节. Xeras won't Daqiate? Read more and learn more, all are details.
485
LOL：泽拉斯“脚本”骚操作“灯笼插眼”，你有本事就跑啊.mp4
LOL: Zeras "Script" is a "lantern plug" operation. If you can, run.
LOL：泽拉斯“脚本”骚操作“灯笼插眼”，你有本事就跑啊. LOL: Zeras "Script" is a "lantern plug" operation. If you can, run.
364
LOL：泽拉斯虐泉五杀，提莫当场去世.mp4
LOL: Zeras abused the spring five kills, Timo died on the spot.
LOL：泽拉斯虐泉五杀，提莫当场去世. LOL: Zeras abused the spring five kills, Timo died on the spot.
308
LOL：泽拉斯被针对成2-5，坚持发育17-5收场.mp4
LOL: Zelasi was targeted 2-5, insisting on development 17-5 ending.
LOL：泽拉斯被针对成2-5，坚持发育17-5收场. LOL: Zelasi was targeted 2-5, insisting on development 17-5 ending.
608
LOL：泽拉斯连续打出“透视”操作，主播不知道怎么解释了.mp4
LOL: Zeras played "Perspective" operation continuously, the anchor did not know how to explain.
LOL：泽拉斯连续打出“透视”操作，主播不知道怎么解释了. LOL: Zeras played "Perspective" operation continuously, the anchor did not know how to explain.
369
LOL：泽拉斯马上五杀，队友闪现抢，结果到底是？.mp4
LOL: Zeras immediately killed five, teammates flash grab, the result is? ..
LOL：泽拉斯马上五杀，队友闪现抢，结果到底是？. LOL: Zeras immediately killed five, teammates flash grab, the result is? ..
368
LOL：泽拉斯骚操作灯笼插眼，德莱文插翅难逃.mp4
LOL: Zerasau operates the lantern socket, and Delaiwen fits the wings.
LOL：泽拉斯骚操作灯笼插眼，德莱文插翅难逃. LOL: Zerasau operates the lantern socket, and Delaiwen fits the wings.
548
LOL：“点什么投降，这是人说的话么？”无月18-2队友依然点投降.mp4
LOL: "What do you want to surrender? Is that what people say? "No month 18-2 teammates still point surrender.
LOL：“点什么投降，这是人说的话么？”无月18-2队友依然点投降. LOL: "What do you want to surrender? Is that what people say? "No month 18-2 teammates still point surrender.
423
LOL：盲僧亮狗牌被泽拉斯R死，无月笑到失声.mp4
LOL: Blind and bright dog card was killed by Zelasi, no moon smile to lose voice.
LOL：盲僧亮狗牌被泽拉斯R死，无月笑到失声. LOL: Blind and bright dog card was killed by Zelasi, no moon smile to lose voice.
367
LOL：自瞄？我手不听我使唤啊，自己往那个位置瞄呢？.mp4
LOL: Looking at yourself? My hands don't listen to me, why don't you aim for that position? ..
LOL：自瞄？我手不听我使唤啊，自己往那个位置瞄呢？. LOL: Looking at yourself? My hands don't listen to me, why don't you aim for that position? ..
245
LOL：舒服了！泽拉斯一波三杀，队友夸奖，对面气急败坏说脚本.mp4
I'm comfortable! Zeras a wave of three kills, teammates praised, the opposite of the anger said that the script.
LOL：舒服了！泽拉斯一波三杀，队友夸奖，对面气急败坏说脚本. I'm comfortable! Zeras a wave of three kills, teammates praised, the opposite of the anger said that the script.
547
LOL：让我听听五杀的声音吧，快喊喷他Q啊.mp4
LOL: Let me hear the sound of the five kills. Call him Q.
LOL：让我听听五杀的声音吧，快喊喷他Q啊. LOL: Let me hear the sound of the five kills. Call him Q.
364
LOL：这AD玩的真“好”，伤害比辅助低，泽拉斯一人拯救世界.mp4
LOL: This AD is really "good". The damage is lower than the aid. Zeras saves the world alone.
LOL：这AD玩的真“好”，伤害比辅助低，泽拉斯一人拯救世界. LOL: This AD is really "good". The damage is lower than the aid. Zeras saves the world alone.
486
LOL：这也能连上五杀？五杀瞬间主播蒙了！.mp4
LOL: This can also be linked to five kills? Five kills the instant anchor lost! ..
LOL：这也能连上五杀？五杀瞬间主播蒙了！. LOL: This can also be linked to five kills? Five kills the instant anchor lost! ..
423
LOL：透视了？ADC闪现治疗加隐身，能否逃脱泽拉斯的五发死亡狙击.mp4
LOL: Perspective? ADC flash treatment plus stealth, can escape Zeras's five death sniper.
LOL：透视了？ADC闪现治疗加隐身，能否逃脱泽拉斯的五发死亡狙击. LOL: Perspective? ADC flash treatment plus stealth, can escape Zeras's five death sniper.
603
LOL：遇见93.3%胜率吸血鬼怎么办？泽拉斯：用火烧！对面：脚本么.mp4
LOL: What if you meet 93.3 % of vampires? Zeras: Fire! Opposite: script.
LOL：遇见93.3%胜率吸血鬼怎么办？泽拉斯：用火烧！对面：脚本么. LOL: What if you meet 93.3 % of vampires? Zeras: Fire! Opposite: script.
243
LOL：队友船长桶都不会连，泽拉斯21-2带领队伍翻盘.mp4
LOL: Teammate captain bucket does not even, Zeras 21-2 leads the team to flip.
LOL：队友船长桶都不会连，泽拉斯21-2带领队伍翻盘. LOL: Teammate captain bucket does not even, Zeras 21-2 leads the team to flip.
306
LOL：住口！队友教无月怎么玩泽拉斯？团战前直接狙死AD要你教.mp4
LOL：住口！队友教无月怎么玩泽拉斯？团战前直接狙死AD要你教. Shut up! Teammates teach moonless how to play zelas? Before the group war, he killed AD directly and asked you to teach. .
548
LOL：你没了！同一个位置同一个死法，一家人最重要的就是整齐.mp4
LOL：你没了！同一个位置同一个死法，一家人最重要的就是整齐. You're gone! Same place, same way. The most important thing in the family is tidiness. .
363
LOL：别问，问就是脚本。泽拉斯透视草丛妮蔻，你以为你安全了？.mp4
LOL：别问，问就是脚本。泽拉斯透视草丛妮蔻，你以为你安全了？. LOL: Don't ask. It's a script. Zelasi, Caocongni, you think you're safe? ..
245
LOL：“声控外挂”泽拉斯说谁死谁就死，无月教你怎么声控对面.mp4
LOL：“声控外挂”泽拉斯说谁死谁就死，无月教你怎么声控对面. LOL: "Voice Control Plugin" Zelasi said that whoever dies will die, and there is no moon to teach you how to voice control the opposite.
423
LOL：夭寿了！三炮虐泉了！这熟悉的位置，熟悉的发际线.mp4
LOL：夭寿了！三炮虐泉了！这熟悉的位置，熟悉的发际线. Oh, my God! Three shots of abuse! This familiar position, familiar hairline.
547
LOL：对线斗鱼主播大眼睛？15-2泽拉斯把对面打得出女妖金身.mp4
LOL：对线斗鱼主播大眼睛？15-2泽拉斯把对面打得出女妖金身. LOL: Big eyes on the anchor fish? 15-2 Zeras hits the opposite side of the female demon gold body.
367
LOL：对面德莱文10分钟上高地，还嘲讽无月，泽拉斯30杀安排明白.mp4
LOL：对面德莱文10分钟上高地，还嘲讽无月，泽拉斯30杀安排明白. LOL: opposite Delaiwen 10 minutes up the high ground, but also ridiculed no moon, Zeras 30 kill arrangements understand.
488
LOL：对面怎么都死了啊？我怎么莫名其妙五杀了？.mp4
LOL：对面怎么都死了啊？我怎么莫名其妙五杀了？. LOL: Why are they all dead across the street? Why did I kill him for no reason? ..
604
LOL：“我擦？无月？”无月被对面发现真实身份，事后送出飞机.mp4
LOL：“我擦？无月？”无月被对面发现真实身份，事后送出飞机. LOL: "I wipe? No moon? "No month was discovered by the opposite side of the real identity, sent out of the aircraft.
306
LOL：我要这队友有何用？四个人组团推家，泽拉斯一人杀三个.mp4
LOL：我要这队友有何用？四个人组团推家，泽拉斯一人杀三个. LOL: What do I need this teammate for? Four people in a group, Zeras killed three.
544
LOL：打野掉线15分钟，但是泽拉斯已经完美控制局面.mp4
LOL：打野掉线15分钟，但是泽拉斯已经完美控制局面. LOL: Hit field dropped for 15 minutes, but Zelasi has perfect control of the situation.
484
LOL：把对面全杀光就能保护AD了，辅助泽拉斯全场输出最高.mp4
LOL：把对面全杀光就能保护AD了，辅助泽拉斯全场输出最高. LOL: Kill the opposite side to protect the AD, assisting Zeras to output the highest.
365
LOL：抢大龙还三杀，大恶人泽拉斯一个Q杀光辉.mp4
LOL：抢大龙还三杀，大恶人泽拉斯一个Q杀光辉. LOL: Grab the dragon and kill three, the big villain Zelasi a Q kill glow.
243
LOL：无月泽拉斯开局被打成0-4？观众：赢了送超火！最后17-4翻盘.mp4
LOL：无月泽拉斯开局被打成0-4？观众：赢了送超火！最后17-4翻盘. LOL: No Moon Zelasi was scored 0-4 at the start? Audience: Win and send Super fire! Last 17-4 flip.
305
LOL：无月被认出来了还被说是小老弟？2-12的男枪还嘲讽无月.mp4
LOL：无月被认出来了还被说是小老弟？2-12的男枪还嘲讽无月. LOL: No Moon recognized and said little brother? The 2-12's men's gun still taunts the moonless..
426
LOL：明明R空了，无月还被说脚本？太冤枉人了吧.mp4
LOL：明明R空了，无月还被说脚本？太冤枉人了吧. LOL: Even if R is empty, is the script written? That's so unfair. .
364
LOL：月门弄泽？敢抢我的泽拉斯？我狠起来连我自己都杀.mp4
LOL：月门弄泽？敢抢我的泽拉斯？我狠起来连我自己都杀. LOL: Moon Gate Naoze? You want my zelas? I 'll kill myself..
366
LOL：杀盲僧两次就被说脚本？别抓泽拉斯，抓就中野两开花.mp4
LOL：杀盲僧两次就被说脚本？别抓泽拉斯，抓就中野两开花. LOL: Kill the blind monk twice to be said script? Don't grab zelas, grab the middle of the field.
368
LOL：泉水指挥官刀妹，送人头怪队友，无月18-6盘活游戏.mp4
LOL：泉水指挥官刀妹，送人头怪队友，无月18-6盘活游戏. LOL: Spring Commander Knife Girl, send a strange teammate, no month 18-6 game.
309
LOL：泽拉斯不会打卡特？多看多学，全是细节.mp4
LOL：泽拉斯不会打卡特？多看多学，全是细节. Xeras won't Daqiate? Read more and learn more, all are details.
248
LOL：泽拉斯“脚本”骚操作“灯笼插眼”，你有本事就跑啊.mp4
LOL：泽拉斯“脚本”骚操作“灯笼插眼”，你有本事就跑啊. LOL: Zeras "Script" is a "lantern plug" operation. If you can, run.
603
LOL：泽拉斯虐泉五杀，提莫当场去世.mp4
LOL：泽拉斯虐泉五杀，提莫当场去世. LOL: Zeras abused the spring five kills, Timo died on the spot.
489
LOL：泽拉斯被针对成2-5，坚持发育17-5收场.mp4
LOL：泽拉斯被针对成2-5，坚持发育17-5收场. LOL: Zelasi was targeted 2-5, insisting on development 17-5 ending.
489
LOL：泽拉斯连续打出“透视”操作，主播不知道怎么解释了.mp4
LOL：泽拉斯连续打出“透视”操作，主播不知道怎么解释了. LOL: Zeras played "Perspective" operation continuously, the anchor did not know how to explain.
487
LOL：泽拉斯马上五杀，队友闪现抢，结果到底是？.mp4
LOL：泽拉斯马上五杀，队友闪现抢，结果到底是？. LOL: Zeras immediately killed five, teammates flash grab, the result is? ..
603
LOL：泽拉斯骚操作灯笼插眼，德莱文插翅难逃.mp4
LOL：泽拉斯骚操作灯笼插眼，德莱文插翅难逃. LOL: Zerasau operates the lantern socket, and Delaiwen fits the wings.
604
LOL：“点什么投降，这是人说的话么？”无月18-2队友依然点投降.mp4
LOL：“点什么投降，这是人说的话么？”无月18-2队友依然点投降. LOL: "What do you want to surrender? Is that what people say? "No month 18-2 teammates still point surrender.
367
LOL：盲僧亮狗牌被泽拉斯R死，无月笑到失声.mp4
LOL：盲僧亮狗牌被泽拉斯R死，无月笑到失声. LOL: Blind and bright dog card was killed by Zelasi, no moon smile to lose voice.
244
LOL：自瞄？我手不听我使唤啊，自己往那个位置瞄呢？.mp4
LOL：自瞄？我手不听我使唤啊，自己往那个位置瞄呢？. LOL: Looking at yourself? My hands don't listen to me, why don't you aim for that position? ..
249
LOL：舒服了！泽拉斯一波三杀，队友夸奖，对面气急败坏说脚本.mp4
LOL：舒服了！泽拉斯一波三杀，队友夸奖，对面气急败坏说脚本. I'm comfortable! Zeras a wave of three kills, teammates praised, the opposite of the anger said that the script.
308
LOL：让我听听五杀的声音吧，快喊喷他Q啊.mp4
LOL：让我听听五杀的声音吧，快喊喷他Q啊. LOL: Let me hear the sound of the five kills. Call him Q.
547
LOL：这AD玩的真“好”，伤害比辅助低，泽拉斯一人拯救世界.mp4
LOL：这AD玩的真“好”，伤害比辅助低，泽拉斯一人拯救世界. LOL: This AD is really "good". The damage is lower than the aid. Zeras saves the world alone.
247
LOL：这也能连上五杀？五杀瞬间主播蒙了！.mp4
LOL：这也能连上五杀？五杀瞬间主播蒙了！. LOL: This can also be linked to five kills? Five kills the instant anchor lost! ..
366
LOL：透视了？ADC闪现治疗加隐身，能否逃脱泽拉斯的五发死亡狙击.mp4
LOL：透视了？ADC闪现治疗加隐身，能否逃脱泽拉斯的五发死亡狙击. LOL: Perspective? ADC flash treatment plus stealth, can escape Zeras's five death sniper.
486
LOL：遇见93.3%胜率吸血鬼怎么办？泽拉斯：用火烧！对面：脚本么.mp4
LOL：遇见93.3%胜率吸血鬼怎么办？泽拉斯：用火烧！对面：脚本么. LOL: What if you meet 93.3 % of vampires? Zeras: Fire! Opposite: script.
245
LOL：队友船长桶都不会连，泽拉斯21-2带领队伍翻盘.mp4
LOL：队友船长桶都不会连，泽拉斯21-2带领队伍翻盘. LOL: Teammate captain bucket does not even, Zeras 21-2 leads the team to flip.
607
LOL：两条大龙都被抢？队友给对面放水？泽拉斯32杀究极carry.mp4
Both dragons were robbed? Teammates water the opposite side? Zeras 32 killing pole carry.mp4
[FORMAT]
filename=/root/all_video/download/xigua.txt/LOL：两条大龙都被抢？队友给对面放水？泽拉斯32杀究极carry.mp4
nb_streams=2
nb_programs=0
format_name=mov,mp4,m4a,3gp,3g2,mj2
format_long_name=QuickTime / MOV
start_time=-0.021814
duration=304.841000
size=27140789
bit_rate=712260
probe_score=100
TAG:major_brand=isom
TAG:minor_version=512
TAG:compatible_brands=isomiso2avc1mp41
TAG:encoder=Lavf57.76.100
TAG:comment=vid:v02004810000bhs9cn3d82dpu90u5r20
[/FORMAT]
toutiao854x480
LOL：这是真正的预判！绝不是诈和！泽拉斯预判加里奥闪现落点.mp4
That's the real verdict! It's not cheating! Zeras predicts that Jialiao will flash. MP4
[FORMAT]
filename=/root/all_video/download/xigua.txt/LOL：这是真正的预判！绝不是诈和！泽拉斯预判加里奥闪现落点.mp4
nb_streams=2
nb_programs=0
format_name=mov,mp4,m4a,3gp,3g2,mj2
format_long_name=QuickTime / MOV
start_time=-0.021814
duration=119.006000
size=10669473
bit_rate=717239
probe_score=100
TAG:major_brand=isom
TAG:minor_version=512
TAG:compatible_brands=isomiso2avc1mp41
TAG:encoder=Lavf57.76.100
TAG:comment=vid:v03004810000bhs9q2jdvbt826ulrvj0
[/FORMAT]
toutiao854x480
LOL：两条大龙都被抢？队友给对面放水？泽拉斯32杀究极carry.mp4
LOL：两条大龙都被抢？队友给对面放水？泽拉斯32杀究极carry. Both dragons were robbed? Teammates water the opposite side? Zeras 32 killing pole carry.
485
LOL：“声控外挂”泽拉斯说谁死谁就死，无月教你怎么声控对面.mp4
LOL：“声控外挂”泽拉斯说谁死谁就死，无月教你怎么声控对面. LOL: "Voice Control Plugin" Zelasi said that whoever dies will die, and there is no moon to teach you how to voice control the opposite.
365
LOL：夭寿了！三炮虐泉了！这熟悉的位置，熟悉的发际线.mp4
LOL：夭寿了！三炮虐泉了！这熟悉的位置，熟悉的发际线. Oh, my God! Three shots of abuse! This familiar position, familiar hairline.
248
LOL：对线斗鱼主播大眼睛？15-2泽拉斯把对面打得出女妖金身.mp4
LOL：对线斗鱼主播大眼睛？15-2泽拉斯把对面打得出女妖金身. LOL: Big eyes on the anchor fish? 15-2 Zeras hits the opposite side of the female demon gold body.
369
LOL：对面德莱文10分钟上高地，还嘲讽无月，泽拉斯30杀安排明白.mp4
LOL：对面德莱文10分钟上高地，还嘲讽无月，泽拉斯30杀安排明白. LOL: opposite Delaiwen 10 minutes up the high ground, but also ridiculed no moon, Zeras 30 kill arrangements understand.
248
LOL：对面怎么都死了啊？我怎么莫名其妙五杀了？.mp4
LOL：对面怎么都死了啊？我怎么莫名其妙五杀了？. LOL: Why are they all dead across the street? Why did I kill him for no reason? ..
369
LOL：“我擦？无月？”无月被对面发现真实身份，事后送出飞机.mp4
LOL：“我擦？无月？”无月被对面发现真实身份，事后送出飞机. LOL: "I wipe? No moon? "No month was discovered by the opposite side of the real identity, sent out of the aircraft.
424
LOL：我要这队友有何用？四个人组团推家，泽拉斯一人杀三个.mp4
LOL：我要这队友有何用？四个人组团推家，泽拉斯一人杀三个. LOL: What do I need this teammate for? Four people in a group, Zeras killed three.
429
LOL：打野掉线15分钟，但是泽拉斯已经完美控制局面.mp4
LOL：打野掉线15分钟，但是泽拉斯已经完美控制局面. LOL: Hit field dropped for 15 minutes, but Zelasi has perfect control of the situation.
244
LOL：把对面全杀光就能保护AD了，辅助泽拉斯全场输出最高.mp4
LOL：把对面全杀光就能保护AD了，辅助泽拉斯全场输出最高. LOL: Kill the opposite side to protect the AD, assisting Zeras to output the highest.
608
LOL：抢大龙还三杀，大恶人泽拉斯一个Q杀光辉.mp4
LOL：抢大龙还三杀，大恶人泽拉斯一个Q杀光辉. LOL: Grab the dragon and kill three, the big villain Zelasi a Q kill glow.
429
LOL：无月泽拉斯开局被打成0-4？观众：赢了送超火！最后17-4翻盘.mp4
LOL：无月泽拉斯开局被打成0-4？观众：赢了送超火！最后17-4翻盘. LOL: No Moon Zelasi was scored 0-4 at the start? Audience: Win and send Super fire! Last 17-4 flip.
426
LOL：无月被认出来了还被说是小老弟？2-12的男枪还嘲讽无月.mp4
LOL：无月被认出来了还被说是小老弟？2-12的男枪还嘲讽无月. LOL: No Moon recognized and said little brother? The 2-12's men's gun still taunts the moonless..
489
LOL：明明R空了，无月还被说脚本？太冤枉人了吧.mp4
LOL：明明R空了，无月还被说脚本？太冤枉人了吧. LOL: Even if R is empty, is the script written? That's so unfair. .
548
LOL：月门弄泽？敢抢我的泽拉斯？我狠起来连我自己都杀.mp4
LOL：月门弄泽？敢抢我的泽拉斯？我狠起来连我自己都杀. LOL: Moon Gate Naoze? You want my zelas? I 'll kill myself..
607
LOL：杀盲僧两次就被说脚本？别抓泽拉斯，抓就中野两开花.mp4
LOL：杀盲僧两次就被说脚本？别抓泽拉斯，抓就中野两开花. LOL: Kill the blind monk twice to be said script? Don't grab zelas, grab the middle of the field.
304
LOL：泉水指挥官刀妹，送人头怪队友，无月18-6盘活游戏.mp4
LOL：泉水指挥官刀妹，送人头怪队友，无月18-6盘活游戏. LOL: Spring Commander Knife Girl, send a strange teammate, no month 18-6 game.
484
LOL：泽拉斯不会打卡特？多看多学，全是细节.mp4
LOL：泽拉斯不会打卡特？多看多学，全是细节. Xeras won't Daqiate? Read more and learn more, all are details.
484
LOL：泽拉斯疯狂安排妖姬。妖姬：咱俩到底谁是刺客？.mp4
LOL：泽拉斯疯狂安排妖姬。妖姬：咱俩到底谁是刺客？. LOL: Zeras frantically arranged demon. Demon: which one of us is an assassin? ..
605
LOL：泽拉斯“脚本”骚操作“灯笼插眼”，你有本事就跑啊.mp4
LOL：泽拉斯“脚本”骚操作“灯笼插眼”，你有本事就跑啊. LOL: Zeras "Script" is a "lantern plug" operation. If you can, run.
248
LOL：泽拉斯虐泉五杀，提莫当场去世.mp4
LOL：泽拉斯虐泉五杀，提莫当场去世. LOL: Zeras abused the spring five kills, Timo died on the spot.
606
LOL：泽拉斯被针对成2-5，坚持发育17-5收场.mp4
LOL：泽拉斯被针对成2-5，坚持发育17-5收场. LOL: Zelasi was targeted 2-5, insisting on development 17-5 ending.
246
LOL：泽拉斯连续打出“透视”操作，主播不知道怎么解释了.mp4
LOL：泽拉斯连续打出“透视”操作，主播不知道怎么解释了. LOL: Zeras played "Perspective" operation continuously, the anchor did not know how to explain.
368
LOL：泽拉斯马上五杀，队友闪现抢，结果到底是？.mp4
LOL：泽拉斯马上五杀，队友闪现抢，结果到底是？. LOL: Zeras immediately killed five, teammates flash grab, the result is? ..
427
LOL：泽拉斯骚操作灯笼插眼，德莱文插翅难逃.mp4
LOL：泽拉斯骚操作灯笼插眼，德莱文插翅难逃. LOL: Zerasau operates the lantern socket, and Delaiwen fits the wings.
245
LOL：“点什么投降，这是人说的话么？”无月18-2队友依然点投降.mp4
LOL：“点什么投降，这是人说的话么？”无月18-2队友依然点投降. LOL: "What do you want to surrender? Is that what people say? "No month 18-2 teammates still point surrender.
546
LOL：皎月开局警告无月“不要恶心我”，泽拉斯将其安排成0-10.mp4
LOL：皎月开局警告无月“不要恶心我”，泽拉斯将其安排成0-10. LOL: The Moon Begins Warning No Moon "Don't disgust me," Zelas arranged it as 0-10.
603
LOL：盲僧亮狗牌被泽拉斯R死，无月笑到失声.mp4
LOL：盲僧亮狗牌被泽拉斯R死，无月笑到失声. LOL: Blind and bright dog card was killed by Zelasi, no moon smile to lose voice.
486
LOL：直接上“主播炸了”的操作！泽拉斯超强透视，无月这么强？.mp4
LOL：直接上“主播炸了”的操作！泽拉斯超强透视，无月这么强？. LOL: Go straight to the "anchor blew up" operation! Zero moon is so strong? ..
604
LOL：自瞄？我手不听我使唤啊，自己往那个位置瞄呢？.mp4
LOL：自瞄？我手不听我使唤啊，自己往那个位置瞄呢？. LOL: Looking at yourself? My hands don't listen to me, why don't you aim for that position? ..
546
LOL：舒服了！泽拉斯一波三杀，队友夸奖，对面气急败坏说脚本.mp4
LOL：舒服了！泽拉斯一波三杀，队友夸奖，对面气急败坏说脚本. I'm comfortable! Zeras a wave of three kills, teammates praised, the opposite of the anger said that the script.
428
LOL：让我听听五杀的声音吧，快喊喷他Q啊.mp4
LOL：让我听听五杀的声音吧，快喊喷他Q啊. LOL: Let me hear the sound of the five kills. Call him Q.
368
LOL：谁说无月只会玩泽拉斯？玩皎月直接五杀好么！.mp4
LOL：谁说无月只会玩泽拉斯？玩皎月直接五杀好么！. LOL: Who said nothing but zelas? Play the moon to kill five straight! ..
606
LOL：这AD玩的真“好”，伤害比辅助低，泽拉斯一人拯救世界.mp4
LOL：这AD玩的真“好”，伤害比辅助低，泽拉斯一人拯救世界. LOL: This AD is really "good". The damage is lower than the aid. Zeras saves the world alone.
545
LOL：这也能连上五杀？五杀瞬间主播蒙了！.mp4
LOL：这也能连上五杀？五杀瞬间主播蒙了！. LOL: This can also be linked to five kills? Five kills the instant anchor lost! ..
486
LOL：这是真正的预判！绝不是诈和！泽拉斯预判加里奥闪现落点.mp4
LOL：这是真正的预判！绝不是诈和！泽拉斯预判加里奥闪现落点. That's the real verdict! It's not cheating! Zeras predicts that Jialiao will flash.
423
LOL：透视了？ADC闪现治疗加隐身，能否逃脱泽拉斯的五发死亡狙击.mp4
LOL：透视了？ADC闪现治疗加隐身，能否逃脱泽拉斯的五发死亡狙击. LOL: Perspective? ADC flash treatment plus stealth, can escape Zeras's five death sniper.
366
LOL：遇见93.3%胜率吸血鬼怎么办？泽拉斯：用火烧！对面：脚本么.mp4
LOL：遇见93.3%胜率吸血鬼怎么办？泽拉斯：用火烧！对面：脚本么. LOL: What if you meet 93.3 % of vampires? Zeras: Fire! Opposite: script.
247
LOL：队友船长桶都不会连，泽拉斯21-2带领队伍翻盘.mp4
LOL：队友船长桶都不会连，泽拉斯21-2带领队伍翻盘. LOL: Teammate captain bucket does not even, Zeras 21-2 leads the team to flip.
604
LOL：科技吧？泽拉斯丝血反杀诺手，对方破口大骂，还要举报.mp4
LOL: Technology, right? Zeras blood to kill the hands, the other side shouted, but also to report. MP4
[FORMAT]
filename=/root/all_video/download/xigua.txt/LOL：科技吧？泽拉斯丝血反杀诺手，对方破口大骂，还要举报.mp4
nb_streams=2
nb_programs=0
format_name=mov,mp4,m4a,3gp,3g2,mj2
format_long_name=QuickTime / MOV
start_time=-0.021814
duration=246.046000
size=22726562
bit_rate=738937
probe_score=100
TAG:major_brand=isom
TAG:minor_version=512
TAG:compatible_brands=isomiso2avc1mp41
TAG:encoder=Lavf57.76.100
TAG:comment=vid:v03004210000bhtihqvo91htul28vb4g
[/FORMAT]
toutiao854x480
LOL：科技吧？泽拉斯丝血反杀诺手，对方破口大骂，还要举报.mp4
LOL：科技吧？泽拉斯丝血反杀诺手，对方破口大骂，还要举报. LOL: Technology, right? Zeras blood to kill the hands, the other side shouted, but also to report.
363
LOL无月：泽拉斯残血遭遇盲僧gank，冷静走位反杀.mp4
LOL No Moon: Zeras's blood encounters blind gank, calmly walks back to kill. MP4
[FORMAT]
filename=/root/all_video/download/xigua.txt/LOL无月：泽拉斯残血遭遇盲僧gank，冷静走位反杀.mp4
nb_streams=2
nb_programs=0
format_name=mov,mp4,m4a,3gp,3g2,mj2
format_long_name=QuickTime / MOV
start_time=-0.021814
duration=81.609000
size=7453559
bit_rate=730660
probe_score=100
TAG:major_brand=isom
TAG:minor_version=512
TAG:compatible_brands=isomiso2avc1mp41
TAG:encoder=Lavf57.76.100
TAG:comment=vid:v02004810000bhu92p0m4cighm6fbkg0
[/FORMAT]
toutiao854x480
LOL无月：泽拉斯残血遭遇盲僧gank，冷静走位反杀.mp4
LOL无月：泽拉斯残血遭遇盲僧gank，冷静走位反杀. LOL No Moon: Zeras's blood encounters blind gank, calmly walks back to kill.
429
LOL：当辅助泽拉斯把工资装换成帽子，射爆一切.mp4
LOL: When assisting Zelasi to replace the salary with a hat, shoot everything. MP4
[FORMAT]
filename=/root/all_video/download/xigua.txt/LOL：当辅助泽拉斯把工资装换成帽子，射爆一切.mp4
nb_streams=2
nb_programs=0
format_name=mov,mp4,m4a,3gp,3g2,mj2
format_long_name=QuickTime / MOV
start_time=-0.021814
duration=227.251000
size=20613638
bit_rate=725669
probe_score=100
TAG:major_brand=isom
TAG:minor_version=512
TAG:compatible_brands=isomiso2avc1mp41
TAG:encoder=Lavf57.76.100
TAG:comment=vid:v02004710000bhve7fmt8ah2avqn55bg
[/FORMAT]
toutiao854x480
LOL无月：泽拉斯仅仅是用大招打死火男就要被骂脚本狗？.mp4
LOL No Moon: Zeras is just killing Fireman with a big trick to be scolded by the script dog? .. MP4
[FORMAT]
filename=/root/all_video/download/xigua.txt/LOL无月：泽拉斯仅仅是用大招打死火男就要被骂脚本狗？.mp4
nb_streams=2
nb_programs=0
format_name=mov,mp4,m4a,3gp,3g2,mj2
format_long_name=QuickTime / MOV
start_time=-0.021814
duration=86.131000
size=8424175
bit_rate=782452
probe_score=100
TAG:major_brand=isom
TAG:minor_version=512
TAG:compatible_brands=isomiso2avc1mp41
TAG:encoder=Lavf57.76.100
TAG:comment=vid:v03004420000bhuoi48e74g8afjujudg
[/FORMAT]
toutiao854x480
LOL：当辅助泽拉斯把工资装换成帽子，射爆一切.mp4
LOL：当辅助泽拉斯把工资装换成帽子，射爆一切. LOL: When assisting Zelasi to replace the salary with a hat, shoot everything.
545
LOL无月：泽拉斯仅仅是用大招打死火男就要被骂脚本狗？.mp4
LOL无月：泽拉斯仅仅是用大招打死火男就要被骂脚本狗？. LOL No Moon: Zeras is just killing Fireman with a big trick to be scolded by the script dog? ..
308
Thu Mar  7 13:23:17 UTC 2019
