toutiao854x480 /root/all_video/download/xigua.txt/LOL：住口！队友教无月怎么玩泽拉斯？团战前直接狙死AD要你教.mp4
toutiao640x360 /root/all_video/download/xigua.txt/LOL：你没了！同一个位置同一个死法，一家人最重要的就是整齐.mp4
toutiao854x480 /root/all_video/download/xigua.txt/LOL：别问，问就是脚本。泽拉斯透视草丛妮蔻，你以为你安全了？.mp4
toutiao854x480 /root/all_video/download/xigua.txt/LOL：“声控外挂”泽拉斯说谁死谁就死，无月教你怎么声控对面.mp4
toutiao854x480 /root/all_video/download/xigua.txt/LOL：夭寿了！三炮虐泉了！这熟悉的位置，熟悉的发际线.mp4
toutiao854x480 /root/all_video/download/xigua.txt/LOL：对线斗鱼主播大眼睛？15-2泽拉斯把对面打得出女妖金身.mp4
toutiao854x480 /root/all_video/download/xigua.txt/LOL：对面德莱文10分钟上高地，还嘲讽无月，泽拉斯30杀安排明白.mp4
toutiao640x480 /root/all_video/download/xigua.txt/LOL：对面怎么都死了啊？我怎么莫名其妙五杀了？.mp4
toutiao640x480 /root/all_video/download/xigua.txt/LOL：“我擦？无月？”无月被对面发现真实身份，事后送出飞机.mp4
toutiao854x480 /root/all_video/download/xigua.txt/LOL：我要这队友有何用？四个人组团推家，泽拉斯一人杀三个.mp4
toutiao854x480 /root/all_video/download/xigua.txt/LOL：打野掉线15分钟，但是泽拉斯已经完美控制局面.mp4
toutiao640x480 /root/all_video/download/xigua.txt/LOL：把对面全杀光就能保护AD了，辅助泽拉斯全场输出最高.mp4
toutiao854x480 /root/all_video/download/xigua.txt/LOL：抢大龙还三杀，大恶人泽拉斯一个Q杀光辉.mp4
toutiao854x480 /root/all_video/download/xigua.txt/LOL：无月泽拉斯开局被打成0-4？观众：赢了送超火！最后17-4翻盘.mp4
toutiao640x480 /root/all_video/download/xigua.txt/LOL：无月被认出来了还被说是小老弟？2-12的男枪还嘲讽无月.mp4
toutiao640x480 /root/all_video/download/xigua.txt/LOL：明明R空了，无月还被说脚本？太冤枉人了吧.mp4
toutiao854x480 /root/all_video/download/xigua.txt/LOL：月门弄泽？敢抢我的泽拉斯？我狠起来连我自己都杀.mp4
toutiao854x480 /root/all_video/download/xigua.txt/LOL：杀盲僧两次就被说脚本？别抓泽拉斯，抓就中野两开花.mp4
toutiao640x480 /root/all_video/download/xigua.txt/LOL：泉水指挥官刀妹，送人头怪队友，无月18-6盘活游戏.mp4
toutiao640x480 /root/all_video/download/xigua.txt/LOL：泽拉斯不会打卡特？多看多学，全是细节.mp4
toutiao854x480 /root/all_video/download/xigua.txt/LOL：泽拉斯“脚本”骚操作“灯笼插眼”，你有本事就跑啊.mp4
toutiao640x480 /root/all_video/download/xigua.txt/LOL：泽拉斯虐泉五杀，提莫当场去世.mp4
toutiao640x480 /root/all_video/download/xigua.txt/LOL：泽拉斯被针对成2-5，坚持发育17-5收场.mp4
toutiao854x480 /root/all_video/download/xigua.txt/LOL：泽拉斯连续打出“透视”操作，主播不知道怎么解释了.mp4
toutiao854x480 /root/all_video/download/xigua.txt/LOL：泽拉斯骚操作灯笼插眼，德莱文插翅难逃.mp4
toutiao640x480 /root/all_video/download/xigua.txt/LOL：“点什么投降，这是人说的话么？”无月18-2队友依然点投降.mp4
toutiao854x480 /root/all_video/download/xigua.txt/LOL：盲僧亮狗牌被泽拉斯R死，无月笑到失声.mp4
toutiao854x480 /root/all_video/download/xigua.txt/LOL：自瞄？我手不听我使唤啊，自己往那个位置瞄呢？.mp4
toutiao854x480 /root/all_video/download/xigua.txt/LOL：舒服了！泽拉斯一波三杀，队友夸奖，对面气急败坏说脚本.mp4
toutiao640x480 /root/all_video/download/xigua.txt/LOL：让我听听五杀的声音吧，快喊喷他Q啊.mp4
toutiao640x480 /root/all_video/download/xigua.txt/LOL：这AD玩的真“好”，伤害比辅助低，泽拉斯一人拯救世界.mp4
toutiao640x480 /root/all_video/download/xigua.txt/LOL：这也能连上五杀？五杀瞬间主播蒙了！.mp4
toutiao640x480 /root/all_video/download/xigua.txt/LOL：透视了？ADC闪现治疗加隐身，能否逃脱泽拉斯的五发死亡狙击.mp4
toutiao640x480 /root/all_video/download/xigua.txt/LOL：队友船长桶都不会连，泽拉斯21-2带领队伍翻盘.mp4
toutiao /root/all_video/download/xigua.txt/ffprobe-20190225-134532.log
